#-----------------------------------------------------------
# Vivado v2022.1 (64-bit)
# SW Build 3526262 on Mon Apr 18 15:47:01 MDT 2022
# IP Build 3524634 on Mon Apr 18 20:55:01 MDT 2022
# Start of session at: Tue Oct 31 09:56:38 2023
# Process ID: 1079326
# Current directory: /home/ubuntu/SoC_Design/Lab4_2/rtl/user
# Command line: vivado
# Log file: /home/ubuntu/SoC_Design/Lab4_2/rtl/user/vivado.log
# Journal file: /home/ubuntu/SoC_Design/Lab4_2/rtl/user/vivado.jou
# Running On: ubuntu2004, OS: Linux, CPU Frequency: 3393.626 MHz, CPU Physical cores: 4, Host memory: 12538 MB
#-----------------------------------------------------------
start_gui
WARNING: [Board 49-26] cannot add Board Part xilinx.com:vpk120_es:part0:1.2 available at /tools/Xilinx/Vivado/2022.1/data/xhub/boards/XilinxBoardStore/boards/Xilinx/vpk120/es/1.2/board.xml as part xcvp1202-vsva2785-2mp-e-s-es1 specified in board_part file is either invalid or not available
WARNING: [Board 49-26] cannot add Board Part xilinx.com:vpk120_es_revb:part0:1.0 available at /tools/Xilinx/Vivado/2022.1/data/xhub/boards/XilinxBoardStore/boards/Xilinx/vpk120_revb/es/1.0/board.xml as part xcvp1202-vsva2785-2mp-e-s-es1 specified in board_part file is either invalid or not available
WARNING: [Board 49-26] cannot add Board Part xilinx.com:zcu208ld:part0:2.0 available at /tools/Xilinx/Vivado/2022.1/data/xhub/boards/XilinxBoardStore/boards/Xilinx/zcu208ld/production/2.0/board.xml as part xczu58dr-fsvg1517-2-i specified in board_part file is either invalid or not available
WARNING: [Board 49-26] cannot add Board Part xilinx.com:zcu216ld:part0:2.0 available at /tools/Xilinx/Vivado/2022.1/data/xhub/boards/XilinxBoardStore/boards/Xilinx/zcu216ld/production/2.0/board.xml as part xczu59dr-ffvf1760-2-i specified in board_part file is either invalid or not available
WARNING: [Board 49-26] cannot add Board Part xilinx.com:zcu670:part0:2.0 available at /tools/Xilinx/Vivado/2022.1/data/xhub/boards/XilinxBoardStore/boards/Xilinx/zcu670/2.0/board.xml as part xczu67dr-fsve1156-2-i specified in board_part file is either invalid or not available
WARNING: [Board 49-26] cannot add Board Part xilinx.com:zcu670ld:part0:1.0 available at /tools/Xilinx/Vivado/2022.1/data/xhub/boards/XilinxBoardStore/boards/Xilinx/zcu670ld/1.0/board.xml as part xczu57dr-fsve1156-2-i specified in board_part file is either invalid or not available
open_project /home/ubuntu/accelerated_FIR/project_3/project_3.xpr
INFO: [filemgmt 56-3] Default IP Output Path : Could not find the directory '/home/ubuntu/accelerated_FIR/project_3/project_3.gen/sources_1'.
Scanning sources...
Finished scanning sources
INFO: [IP_Flow 19-234] Refreshing IP repositories
INFO: [IP_Flow 19-1704] No user IP repositories specified
INFO: [IP_Flow 19-2313] Loaded Vivado IP repository '/tools/Xilinx/Vivado/2022.1/data/ip'.
update_compile_order -fileset sources_1
add_files -norecurse {/home/ubuntu/SoC_Design/Lab4_2/rtl/user/bram11.v /home/ubuntu/SoC_Design/Lab4_2/rtl/user/bram12.v}
update_compile_order -fileset sources_1
set_property top bram11 [current_fileset]
update_compile_order -fileset sources_1
reset_run synth_1
INFO: [Project 1-1161] Replacing file /home/ubuntu/accelerated_FIR/project_3/project_3.srcs/utils_1/imports/synth_1/fir.dcp with file /home/ubuntu/accelerated_FIR/project_3/project_3.runs/synth_1/bram12.dcp
launch_runs synth_1 -jobs 4
[Tue Oct 31 10:00:53 2023] Launched synth_1...
Run output will be captured here: /home/ubuntu/accelerated_FIR/project_3/project_3.runs/synth_1/runme.log
reset_run synth_1
INFO: [Project 1-1161] Replacing file /home/ubuntu/accelerated_FIR/project_3/project_3.srcs/utils_1/imports/synth_1/fir.dcp with file /home/ubuntu/accelerated_FIR/project_3/project_3.runs/synth_1/bram11.dcp
launch_runs synth_1 -jobs 4
[Tue Oct 31 10:02:10 2023] Launched synth_1...
Run output will be captured here: /home/ubuntu/accelerated_FIR/project_3/project_3.runs/synth_1/runme.log
exit
INFO: [Common 17-206] Exiting Vivado at Tue Oct 31 10:03:20 2023...
